<?xml version="1.0" encoding="UTF-8"?>
<robot generator="Robot 5.0.1 (Python 3.10.5 on win32)" generated="20220729 11:08:11.251" rpa="false" schemaversion="3">
<suite id="s1" name="Testes" source="C:\Users\Consultor\projeto\robot\testes">
<suite id="s1-s1" name="Estrutura" source="C:\Users\Consultor\projeto\robot\testes\estrutura.robot">
<test id="s1-s1-t1" name="Cenário 1: Preencher formulário itera-qa.azurewebsites.net" line="24">
<kw name="Abrir navegador e acessar site itera-qa.azurewebsites.net">
<kw name="Open Browser" library="SeleniumLibrary">
<arg>https://itera-qa.azurewebsites.net/home/automation</arg>
<arg>chrome</arg>
<doc>Opens a new browser instance to the optional ``url``.</doc>
<msg timestamp="20220729 11:08:11.461" level="INFO">Opening browser 'chrome' to base url 'https://itera-qa.azurewebsites.net/home/automation'.</msg>
<status status="PASS" starttime="20220729 11:08:11.461" endtime="20220729 11:08:14.187"/>
</kw>
<kw name="Maximize Browser Window" library="SeleniumLibrary">
<doc>Maximizes current browser window.</doc>
<status status="PASS" starttime="20220729 11:08:14.187" endtime="20220729 11:08:14.311"/>
</kw>
<status status="PASS" starttime="20220729 11:08:11.460" endtime="20220729 11:08:14.312"/>
</kw>
<kw name="Fechar navegador">
<kw name="Close Browser" library="SeleniumLibrary">
<doc>Closes the current browser.</doc>
<status status="PASS" starttime="20220729 11:08:14.313" endtime="20220729 11:08:16.445"/>
</kw>
<status status="PASS" starttime="20220729 11:08:14.312" endtime="20220729 11:08:16.446"/>
</kw>
<tag>regressivo</tag>
<status status="PASS" starttime="20220729 11:08:11.459" endtime="20220729 11:08:16.447"/>
</test>
<status status="PASS" starttime="20220729 11:08:11.272" endtime="20220729 11:08:16.451"/>
</suite>
<status status="PASS" starttime="20220729 11:08:11.253" endtime="20220729 11:08:16.453"/>
</suite>
<statistics>
<total>
<stat pass="1" fail="0" skip="0">All Tests</stat>
</total>
<tag>
<stat pass="1" fail="0" skip="0">regressivo</stat>
</tag>
<suite>
<stat pass="1" fail="0" skip="0" id="s1" name="Testes">Testes</stat>
<stat pass="1" fail="0" skip="0" id="s1-s1" name="Estrutura">Testes.Estrutura</stat>
</suite>
</statistics>
<errors>
</errors>
</robot>
